<?xml version="1.0" encoding="UTF-8"?>
<!-- Generated by org.testng.reporters.JUnitReportReporter -->
<testsuite hostname="PRT-HGM7YY1" name="com.totalwine.test.search.SearchNullTerms" tests="1" failures="0" timestamp="15 Apr 2016 13:43:04 GMT" time="104.184" errors="0">
  <testcase name="SearchNullTermsTest" time="104.184" classname="com.totalwine.test.search.SearchNullTerms"/>
</testsuite> <!-- com.totalwine.test.search.SearchNullTerms -->
